<?xml version="1.0" encoding="UTF-8"?>
<!-- Generated by org.testng.reporters.JUnitReportReporter -->
<testsuite skipped="0" hostname="DESKTOP-16CP8KV" name="com.wipro.asg.tests.NewTest" tests="1" failures="0" timestamp="04 Sep 2020 11:03:00 GMT" time="0.030" errors="0">
  <testcase name="f" time="0.030" classname="com.wipro.asg.tests.NewTest"/>
</testsuite> <!-- com.wipro.asg.tests.NewTest -->
