<?xml version="1.0" encoding="UTF-8"?>
<!-- Generated by org.testng.reporters.JUnitReportReporter -->
<testsuite hostname="DESKTOP-16CP8KV" name="com.wipro.asg.tests.NewTest" tests="1" failures="0" timestamp="12 Sep 2020 13:47:27 GMT" time="113.696" errors="0">
  <testcase name="TC001" time="113.696" classname="com.wipro.asg.tests.NewTest"/>
</testsuite> <!-- com.wipro.asg.tests.NewTest -->
